<?xml version="1.0" encoding="UTF-8"?>
<!-- Generated by org.testng.reporters.JUnitXMLReporter -->
<testsuite ignored="0" hostname="DESKTOP-N2DJU1H" failures="1" tests="1" name="Test" time="29.09" errors="0" timestamp="2026-07-18T23:01:59 IST">
  <testcase classname="Testcase.TC004_EditAccountPage" name="verify_editAccountPage" time="24.773">
    <failure type="java.lang.AssertionError" message="null">
      <![CDATA[java.lang.AssertionError: null
at Testcase.TC004_EditAccountPage.verify_editAccountPage(TC004_EditAccountPage.java:44)
at java.base/java.util.ArrayList.forEach(ArrayList.java:1596)
... Removed 27 stack frames]]>
    </failure>
  </testcase> <!-- verify_editAccountPage -->
</testsuite> <!-- Test -->
