<?xml version="1.0" encoding="UTF-8"?>
<!-- Generated by org.testng.reporters.JUnitXMLReporter -->
<testsuite ignored="0" hostname="DESKTOP-N2DJU1H" failures="0" tests="7" name="Test" time="95.13" errors="0" timestamp="2026-07-06T23:45:13 IST">
  <testcase classname="Testcase.TC_001AccountRegistrationTest" name="verfiy_Account" time="2.984"/>
  <testcase classname="Testcase.LoginTestCase" name="loginDetail" time="2.657"/>
  <testcase classname="Testcase.LoginDDT" name="verify_LoginDDT" time="4.879"/>
  <testcase classname="Testcase.LoginDDT" name="verify_LoginDDT" time="22.133"/>
  <testcase classname="Testcase.LoginDDT" name="verify_LoginDDT" time="21.661"/>
  <testcase classname="Testcase.LoginDDT" name="verify_LoginDDT" time="21.239"/>
  <testcase classname="Testcase.LoginDDT" name="verify_LoginDDT" time="2.762"/>
</testsuite> <!-- Test -->
