<?xml version="1.0" encoding="UTF-8"?>
<!-- Generated by org.testng.reporters.JUnitXMLReporter -->
<testsuite ignored="0" hostname="DESKTOP-N2DJU1H" failures="0" tests="7" name="Test" time="98.231" errors="0" timestamp="2026-07-11T02:22:24 IST">
  <testcase classname="Testcase.TC_001AccountRegistrationTest" name="verfiy_Account" time="3.57"/>
  <testcase classname="Testcase.LoginTestCase" name="loginDetail" time="2.55"/>
  <testcase classname="Testcase.LoginDDT" name="verify_LoginDDT" time="4.472"/>
  <testcase classname="Testcase.LoginDDT" name="verify_LoginDDT" time="22.063"/>
  <testcase classname="Testcase.LoginDDT" name="verify_LoginDDT" time="21.946"/>
  <testcase classname="Testcase.LoginDDT" name="verify_LoginDDT" time="21.029"/>
  <testcase classname="Testcase.LoginDDT" name="verify_LoginDDT" time="2.782"/>
</testsuite> <!-- Test -->
