<?xml version="1.0" encoding="UTF-8"?>
<testng-results ignored="0" total="7" passed="7" failed="0" skipped="0">
  <reporter-output>
  </reporter-output>
  <suite started-at="2026-07-06T23:43:38 IST" name="Suite" finished-at="2026-07-06T23:45:13 IST" duration-ms="95130">
    <groups>
    </groups>
    <test started-at="2026-07-06T23:43:38 IST" name="Test" finished-at="2026-07-06T23:45:13 IST" duration-ms="95130">
      <class name="Testcase.TC_001AccountRegistrationTest">
        <test-method is-config="true" signature="setup(java.lang.String,java.lang.String)[pri:0, instance:Testcase.TC_001AccountRegistrationTest@7ef27d7f]" started-at="2026-07-06T23:43:38 IST" name="setup" finished-at="2026-07-06T23:43:42 IST" duration-ms="4271" status="PASS">
          <params>
            <param index="0">
              <value>
                <![CDATA[Windows]]>
              </value>
            </param>
            <param index="1">
              <value>
                <![CDATA[chrome]]>
              </value>
            </param>
          </params>
          <reporter-output>
          </reporter-output>
        </test-method> <!-- setup -->
        <test-method signature="verfiy_Account()[pri:0, instance:Testcase.TC_001AccountRegistrationTest@7ef27d7f]" started-at="2026-07-06T23:43:42 IST" name="verfiy_Account" finished-at="2026-07-06T23:43:45 IST" duration-ms="2984" status="PASS">
          <reporter-output>
          </reporter-output>
        </test-method> <!-- verfiy_Account -->
        <test-method is-config="true" signature="teardown()[pri:0, instance:Testcase.TC_001AccountRegistrationTest@7ef27d7f]" started-at="2026-07-06T23:43:45 IST" name="teardown" finished-at="2026-07-06T23:43:45 IST" duration-ms="1" status="PASS">
          <reporter-output>
          </reporter-output>
        </test-method> <!-- teardown -->
      </class> <!-- Testcase.TC_001AccountRegistrationTest -->
      <class name="Testcase.LoginTestCase">
        <test-method is-config="true" signature="setup(java.lang.String,java.lang.String)[pri:0, instance:Testcase.LoginTestCase@1d483de4]" started-at="2026-07-06T23:43:45 IST" name="setup" finished-at="2026-07-06T23:43:49 IST" duration-ms="3125" status="PASS">
          <params>
            <param index="0">
              <value>
                <![CDATA[Windows]]>
              </value>
            </param>
            <param index="1">
              <value>
                <![CDATA[chrome]]>
              </value>
            </param>
          </params>
          <reporter-output>
          </reporter-output>
        </test-method> <!-- setup -->
        <test-method signature="loginDetail()[pri:0, instance:Testcase.LoginTestCase@1d483de4]" started-at="2026-07-06T23:43:49 IST" name="loginDetail" finished-at="2026-07-06T23:43:51 IST" duration-ms="2657" status="PASS">
          <reporter-output>
          </reporter-output>
        </test-method> <!-- loginDetail -->
        <test-method is-config="true" signature="teardown()[pri:0, instance:Testcase.LoginTestCase@1d483de4]" started-at="2026-07-06T23:43:51 IST" name="teardown" finished-at="2026-07-06T23:43:51 IST" duration-ms="1" status="PASS">
          <reporter-output>
          </reporter-output>
        </test-method> <!-- teardown -->
      </class> <!-- Testcase.LoginTestCase -->
      <class name="Testcase.LoginDDT">
        <test-method is-config="true" signature="setup(java.lang.String,java.lang.String)[pri:0, instance:Testcase.LoginDDT@4032d386]" started-at="2026-07-06T23:43:51 IST" name="setup" finished-at="2026-07-06T23:43:55 IST" duration-ms="4019" status="PASS">
          <params>
            <param index="0">
              <value>
                <![CDATA[Windows]]>
              </value>
            </param>
            <param index="1">
              <value>
                <![CDATA[chrome]]>
              </value>
            </param>
          </params>
          <reporter-output>
          </reporter-output>
        </test-method> <!-- setup -->
        <test-method signature="verify_LoginDDT(java.lang.String,java.lang.String,java.lang.String)[pri:0, instance:Testcase.LoginDDT@4032d386]" started-at="2026-07-06T23:44:01 IST" name="verify_LoginDDT" data-provider="LoginData" finished-at="2026-07-06T23:44:05 IST" duration-ms="4879" status="PASS">
          <params>
            <param index="0">
              <value>
                <![CDATA[demo123@gmail.com]]>
              </value>
            </param>
            <param index="1">
              <value>
                <![CDATA[test@123]]>
              </value>
            </param>
            <param index="2">
              <value>
                <![CDATA[Valid]]>
              </value>
            </param>
          </params>
          <reporter-output>
          </reporter-output>
        </test-method> <!-- verify_LoginDDT -->
        <test-method signature="verify_LoginDDT(java.lang.String,java.lang.String,java.lang.String)[pri:0, instance:Testcase.LoginDDT@4032d386]" started-at="2026-07-06T23:44:05 IST" name="verify_LoginDDT" data-provider="LoginData" finished-at="2026-07-06T23:44:28 IST" duration-ms="22133" status="PASS">
          <params>
            <param index="0">
              <value>
                <![CDATA[Laxmi@gmail.com]]>
              </value>
            </param>
            <param index="1">
              <value>
                <![CDATA[Laxmi]]>
              </value>
            </param>
            <param index="2">
              <value>
                <![CDATA[InValid]]>
              </value>
            </param>
          </params>
          <reporter-output>
          </reporter-output>
        </test-method> <!-- verify_LoginDDT -->
        <test-method signature="verify_LoginDDT(java.lang.String,java.lang.String,java.lang.String)[pri:0, instance:Testcase.LoginDDT@4032d386]" started-at="2026-07-06T23:44:28 IST" name="verify_LoginDDT" data-provider="LoginData" finished-at="2026-07-06T23:44:49 IST" duration-ms="21661" status="PASS">
          <params>
            <param index="0">
              <value>
                <![CDATA[Lakshmi@gmail.com]]>
              </value>
            </param>
            <param index="1">
              <value>
                <![CDATA[Lakshmi]]>
              </value>
            </param>
            <param index="2">
              <value>
                <![CDATA[InValid]]>
              </value>
            </param>
          </params>
          <reporter-output>
          </reporter-output>
        </test-method> <!-- verify_LoginDDT -->
        <test-method signature="verify_LoginDDT(java.lang.String,java.lang.String,java.lang.String)[pri:0, instance:Testcase.LoginDDT@4032d386]" started-at="2026-07-06T23:44:49 IST" name="verify_LoginDDT" data-provider="LoginData" finished-at="2026-07-06T23:45:11 IST" duration-ms="21239" status="PASS">
          <params>
            <param index="0">
              <value>
                <![CDATA[xyz@gmail.com]]>
              </value>
            </param>
            <param index="1">
              <value>
                <![CDATA[xyz]]>
              </value>
            </param>
            <param index="2">
              <value>
                <![CDATA[InValid]]>
              </value>
            </param>
          </params>
          <reporter-output>
          </reporter-output>
        </test-method> <!-- verify_LoginDDT -->
        <test-method signature="verify_LoginDDT(java.lang.String,java.lang.String,java.lang.String)[pri:0, instance:Testcase.LoginDDT@4032d386]" started-at="2026-07-06T23:45:11 IST" name="verify_LoginDDT" data-provider="LoginData" finished-at="2026-07-06T23:45:13 IST" duration-ms="2762" status="PASS">
          <params>
            <param index="0">
              <value>
                <![CDATA[demo123@gmail.com]]>
              </value>
            </param>
            <param index="1">
              <value>
                <![CDATA[test@123]]>
              </value>
            </param>
            <param index="2">
              <value>
                <![CDATA[Valid]]>
              </value>
            </param>
          </params>
          <reporter-output>
          </reporter-output>
        </test-method> <!-- verify_LoginDDT -->
        <test-method is-config="true" signature="teardown()[pri:0, instance:Testcase.LoginDDT@4032d386]" started-at="2026-07-06T23:45:13 IST" name="teardown" finished-at="2026-07-06T23:45:13 IST" duration-ms="1" status="PASS">
          <reporter-output>
          </reporter-output>
        </test-method> <!-- teardown -->
      </class> <!-- Testcase.LoginDDT -->
    </test> <!-- Test -->
  </suite> <!-- Suite -->
</testng-results>
