<?xml version="1.0" encoding="UTF-8"?>
<testng-results ignored="0" total="7" passed="7" failed="0" skipped="0">
  <reporter-output>
  </reporter-output>
  <suite started-at="2026-07-11T02:20:46 IST" name="Suite" finished-at="2026-07-11T02:22:24 IST" duration-ms="98231">
    <groups>
    </groups>
    <test started-at="2026-07-11T02:20:46 IST" name="Test" finished-at="2026-07-11T02:22:24 IST" duration-ms="98231">
      <class name="Testcase.TC_001AccountRegistrationTest">
        <test-method is-config="true" signature="setup(java.lang.String,java.lang.String)[pri:0, instance:Testcase.TC_001AccountRegistrationTest@1205bd62]" started-at="2026-07-11T02:20:46 IST" name="setup" finished-at="2026-07-11T02:20:53 IST" duration-ms="7465" status="PASS">
          <params>
            <param index="0">
              <value>
                <![CDATA[Windows]]>
              </value>
            </param>
            <param index="1">
              <value>
                <![CDATA[chrome]]>
              </value>
            </param>
          </params>
          <reporter-output>
          </reporter-output>
        </test-method> <!-- setup -->
        <test-method signature="verfiy_Account()[pri:0, instance:Testcase.TC_001AccountRegistrationTest@1205bd62]" started-at="2026-07-11T02:20:53 IST" name="verfiy_Account" finished-at="2026-07-11T02:20:57 IST" duration-ms="3570" status="PASS">
          <reporter-output>
          </reporter-output>
        </test-method> <!-- verfiy_Account -->
        <test-method is-config="true" signature="teardown()[pri:0, instance:Testcase.TC_001AccountRegistrationTest@1205bd62]" started-at="2026-07-11T02:20:57 IST" name="teardown" finished-at="2026-07-11T02:20:57 IST" duration-ms="1" status="PASS">
          <reporter-output>
          </reporter-output>
        </test-method> <!-- teardown -->
      </class> <!-- Testcase.TC_001AccountRegistrationTest -->
      <class name="Testcase.LoginTestCase">
        <test-method is-config="true" signature="setup(java.lang.String,java.lang.String)[pri:0, instance:Testcase.LoginTestCase@31920ade]" started-at="2026-07-11T02:20:57 IST" name="setup" finished-at="2026-07-11T02:21:00 IST" duration-ms="2962" status="PASS">
          <params>
            <param index="0">
              <value>
                <![CDATA[Windows]]>
              </value>
            </param>
            <param index="1">
              <value>
                <![CDATA[chrome]]>
              </value>
            </param>
          </params>
          <reporter-output>
          </reporter-output>
        </test-method> <!-- setup -->
        <test-method signature="loginDetail()[pri:0, instance:Testcase.LoginTestCase@31920ade]" started-at="2026-07-11T02:21:00 IST" name="loginDetail" finished-at="2026-07-11T02:21:02 IST" duration-ms="2550" status="PASS">
          <reporter-output>
          </reporter-output>
        </test-method> <!-- loginDetail -->
        <test-method is-config="true" signature="teardown()[pri:0, instance:Testcase.LoginTestCase@31920ade]" started-at="2026-07-11T02:21:02 IST" name="teardown" finished-at="2026-07-11T02:21:02 IST" duration-ms="1" status="PASS">
          <reporter-output>
          </reporter-output>
        </test-method> <!-- teardown -->
      </class> <!-- Testcase.LoginTestCase -->
      <class name="Testcase.LoginDDT">
        <test-method is-config="true" signature="setup(java.lang.String,java.lang.String)[pri:0, instance:Testcase.LoginDDT@1d483de4]" started-at="2026-07-11T02:21:02 IST" name="setup" finished-at="2026-07-11T02:21:06 IST" duration-ms="4078" status="PASS">
          <params>
            <param index="0">
              <value>
                <![CDATA[Windows]]>
              </value>
            </param>
            <param index="1">
              <value>
                <![CDATA[chrome]]>
              </value>
            </param>
          </params>
          <reporter-output>
          </reporter-output>
        </test-method> <!-- setup -->
        <test-method signature="verify_LoginDDT(java.lang.String,java.lang.String,java.lang.String)[pri:0, instance:Testcase.LoginDDT@1d483de4]" started-at="2026-07-11T02:21:12 IST" name="verify_LoginDDT" data-provider="LoginData" finished-at="2026-07-11T02:21:16 IST" duration-ms="4472" status="PASS">
          <params>
            <param index="0">
              <value>
                <![CDATA[demo123@gmail.com]]>
              </value>
            </param>
            <param index="1">
              <value>
                <![CDATA[test@123]]>
              </value>
            </param>
            <param index="2">
              <value>
                <![CDATA[Valid]]>
              </value>
            </param>
          </params>
          <reporter-output>
          </reporter-output>
        </test-method> <!-- verify_LoginDDT -->
        <test-method signature="verify_LoginDDT(java.lang.String,java.lang.String,java.lang.String)[pri:0, instance:Testcase.LoginDDT@1d483de4]" started-at="2026-07-11T02:21:16 IST" name="verify_LoginDDT" data-provider="LoginData" finished-at="2026-07-11T02:21:38 IST" duration-ms="22063" status="PASS">
          <params>
            <param index="0">
              <value>
                <![CDATA[Laxmi@gmail.com]]>
              </value>
            </param>
            <param index="1">
              <value>
                <![CDATA[Laxmi]]>
              </value>
            </param>
            <param index="2">
              <value>
                <![CDATA[InValid]]>
              </value>
            </param>
          </params>
          <reporter-output>
          </reporter-output>
        </test-method> <!-- verify_LoginDDT -->
        <test-method signature="verify_LoginDDT(java.lang.String,java.lang.String,java.lang.String)[pri:0, instance:Testcase.LoginDDT@1d483de4]" started-at="2026-07-11T02:21:38 IST" name="verify_LoginDDT" data-provider="LoginData" finished-at="2026-07-11T02:22:00 IST" duration-ms="21946" status="PASS">
          <params>
            <param index="0">
              <value>
                <![CDATA[Lakshmi@gmail.com]]>
              </value>
            </param>
            <param index="1">
              <value>
                <![CDATA[Lakshmi]]>
              </value>
            </param>
            <param index="2">
              <value>
                <![CDATA[InValid]]>
              </value>
            </param>
          </params>
          <reporter-output>
          </reporter-output>
        </test-method> <!-- verify_LoginDDT -->
        <test-method signature="verify_LoginDDT(java.lang.String,java.lang.String,java.lang.String)[pri:0, instance:Testcase.LoginDDT@1d483de4]" started-at="2026-07-11T02:22:00 IST" name="verify_LoginDDT" data-provider="LoginData" finished-at="2026-07-11T02:22:21 IST" duration-ms="21029" status="PASS">
          <params>
            <param index="0">
              <value>
                <![CDATA[xyz@gmail.com]]>
              </value>
            </param>
            <param index="1">
              <value>
                <![CDATA[xyz]]>
              </value>
            </param>
            <param index="2">
              <value>
                <![CDATA[InValid]]>
              </value>
            </param>
          </params>
          <reporter-output>
          </reporter-output>
        </test-method> <!-- verify_LoginDDT -->
        <test-method signature="verify_LoginDDT(java.lang.String,java.lang.String,java.lang.String)[pri:0, instance:Testcase.LoginDDT@1d483de4]" started-at="2026-07-11T02:22:21 IST" name="verify_LoginDDT" data-provider="LoginData" finished-at="2026-07-11T02:22:24 IST" duration-ms="2782" status="PASS">
          <params>
            <param index="0">
              <value>
                <![CDATA[demo123@gmail.com]]>
              </value>
            </param>
            <param index="1">
              <value>
                <![CDATA[test@123]]>
              </value>
            </param>
            <param index="2">
              <value>
                <![CDATA[Valid]]>
              </value>
            </param>
          </params>
          <reporter-output>
          </reporter-output>
        </test-method> <!-- verify_LoginDDT -->
        <test-method is-config="true" signature="teardown()[pri:0, instance:Testcase.LoginDDT@1d483de4]" started-at="2026-07-11T02:22:24 IST" name="teardown" finished-at="2026-07-11T02:22:24 IST" duration-ms="1" status="PASS">
          <reporter-output>
          </reporter-output>
        </test-method> <!-- teardown -->
      </class> <!-- Testcase.LoginDDT -->
    </test> <!-- Test -->
  </suite> <!-- Suite -->
</testng-results>
