<?xml version="1.0" encoding="UTF-8"?>
<testng-results ignored="0" total="1" passed="1" failed="0" skipped="0">
  <reporter-output>
  </reporter-output>
  <suite started-at="2026-07-22T01:57:27 IST" name="Suite" finished-at="2026-07-22T01:57:41 IST" duration-ms="14090">
    <groups>
    </groups>
    <test started-at="2026-07-22T01:57:27 IST" name="Test" finished-at="2026-07-22T01:57:41 IST" duration-ms="14090">
      <class name="Testcase.TC007_Addressbook">
        <test-method is-config="true" signature="setup(java.lang.String,java.lang.String)[pri:0, instance:Testcase.TC007_Addressbook@3a4621bd]" started-at="2026-07-22T01:57:27 IST" name="setup" finished-at="2026-07-22T01:57:33 IST" duration-ms="5311" status="PASS">
          <params>
            <param index="0">
              <value>
                <![CDATA[Windows]]>
              </value>
            </param>
            <param index="1">
              <value>
                <![CDATA[chrome]]>
              </value>
            </param>
          </params>
          <reporter-output>
          </reporter-output>
        </test-method> <!-- setup -->
        <test-method signature="verify_Addressbook()[pri:0, instance:Testcase.TC007_Addressbook@3a4621bd]" started-at="2026-07-22T01:57:33 IST" name="verify_Addressbook" finished-at="2026-07-22T01:57:41 IST" duration-ms="8653" status="PASS">
          <reporter-output>
          </reporter-output>
        </test-method> <!-- verify_Addressbook -->
        <test-method is-config="true" signature="teardown()[pri:0, instance:Testcase.TC007_Addressbook@3a4621bd]" started-at="2026-07-22T01:57:41 IST" name="teardown" finished-at="2026-07-22T01:57:41 IST" duration-ms="5" status="PASS">
          <reporter-output>
          </reporter-output>
        </test-method> <!-- teardown -->
      </class> <!-- Testcase.TC007_Addressbook -->
    </test> <!-- Test -->
  </suite> <!-- Suite -->
</testng-results>
