<?xml version="1.0" encoding="UTF-8"?>
<!-- Generated by org.testng.reporters.JUnitReportReporter -->
<testsuite hostname="DESKTOP-N2DJU1H" failures="0" tests="5" name="Testcase.LoginDDT" time="72.055" errors="0" timestamp="2026-07-06T21:25:11 IST" skipped="0">
  <testcase classname="Testcase.LoginDDT" name="verify_LoginDDT" time="21.096"/>
  <testcase classname="Testcase.LoginDDT" name="verify_LoginDDT" time="22.125"/>
  <testcase classname="Testcase.LoginDDT" name="verify_LoginDDT" time="4.428"/>
  <testcase classname="Testcase.LoginDDT" name="verify_LoginDDT" time="21.964"/>
  <testcase classname="Testcase.LoginDDT" name="verify_LoginDDT" time="2.442"/>
</testsuite> <!-- Testcase.LoginDDT -->
