<?xml version="1.0" encoding="UTF-8"?>
<!-- Generated by org.testng.reporters.JUnitReportReporter -->
<testsuite hostname="DESKTOP-N2DJU1H" failures="0" tests="5" name="Testcase.LoginDDT" time="72.674" errors="0" timestamp="2026-07-06T23:45:13 IST" skipped="0">
  <testcase classname="Testcase.LoginDDT" name="verify_LoginDDT" time="22.133"/>
  <testcase classname="Testcase.LoginDDT" name="verify_LoginDDT" time="4.879"/>
  <testcase classname="Testcase.LoginDDT" name="verify_LoginDDT" time="21.661"/>
  <testcase classname="Testcase.LoginDDT" name="verify_LoginDDT" time="21.239"/>
  <testcase classname="Testcase.LoginDDT" name="verify_LoginDDT" time="2.762"/>
</testsuite> <!-- Testcase.LoginDDT -->
