<?xml version="1.0" encoding="UTF-8"?>
<!-- Generated by org.testng.reporters.JUnitReportReporter -->
<testsuite hostname="DESKTOP-N2DJU1H" failures="0" tests="5" name="Testcase.LoginDDT" time="72.292" errors="0" timestamp="2026-07-11T02:22:24 IST" skipped="0">
  <testcase classname="Testcase.LoginDDT" name="verify_LoginDDT" time="21.946"/>
  <testcase classname="Testcase.LoginDDT" name="verify_LoginDDT" time="2.782"/>
  <testcase classname="Testcase.LoginDDT" name="verify_LoginDDT" time="22.063"/>
  <testcase classname="Testcase.LoginDDT" name="verify_LoginDDT" time="4.472"/>
  <testcase classname="Testcase.LoginDDT" name="verify_LoginDDT" time="21.029"/>
</testsuite> <!-- Testcase.LoginDDT -->
